<?xml version="1.0" encoding="UTF-8"?>
<testng-results ignored="0" total="2" passed="2" failed="0" skipped="0">
  <reporter-output>
  </reporter-output>
  <suite started-at="2020-07-12T23:21:22 BST" name="SmokeSuite" finished-at="2020-07-12T23:23:24 BST" duration-ms="121946">
    <groups>
    </groups>
    <test started-at="2020-07-12T23:21:22 BST" name="Test" finished-at="2020-07-12T23:23:24 BST" duration-ms="121946">
      <class name="mobile.AppiumFramework.tests.IosAppTest">
        <test-method is-config="true" signature="KillNodes()[pri:0, instance:mobile.AppiumFramework.tests.IosAppTest@3d5c822d]" started-at="2020-07-12T23:21:26 BST" name="KillNodes" finished-at="2020-07-12T23:21:30 BST" duration-ms="4010" status="PASS">
          <reporter-output>
          </reporter-output>
        </test-method> <!-- KillNodes -->
        <test-method signature="uiCatalogTestl()[pri:0, instance:mobile.AppiumFramework.tests.IosAppTest@3d5c822d]" started-at="2020-07-12T23:22:20 BST" name="uiCatalogTestl" finished-at="2020-07-12T23:23:24 BST" duration-ms="63850" status="PASS">
          <reporter-output>
          </reporter-output>
        </test-method> <!-- uiCatalogTestl -->
      </class> <!-- mobile.AppiumFramework.tests.IosAppTest -->
      <class name="mobile.AppiumFramework.tests.AndroidAppTest">
        <test-method is-config="true" signature="KillAndroidNodes()[pri:0, instance:mobile.AppiumFramework.tests.AndroidAppTest@3c73951]" started-at="2020-07-12T23:21:22 BST" name="KillAndroidNodes" finished-at="2020-07-12T23:21:26 BST" duration-ms="4032" status="PASS">
          <reporter-output>
          </reporter-output>
        </test-method> <!-- KillAndroidNodes -->
        <test-method signature="validateTotal()[pri:0, instance:mobile.AppiumFramework.tests.AndroidAppTest@3c73951]" started-at="2020-07-12T23:21:30 BST" name="validateTotal" finished-at="2020-07-12T23:22:20 BST" duration-ms="49997" status="PASS">
          <reporter-output>
          </reporter-output>
        </test-method> <!-- validateTotal -->
      </class> <!-- mobile.AppiumFramework.tests.AndroidAppTest -->
    </test> <!-- Test -->
  </suite> <!-- SmokeSuite -->
</testng-results>
